<?xml version="1.0" encoding="UTF-8"?>
<testsuite xmlns:xsi="http://www.w3.org/2001/XMLSchema-instance" xsi:noNamespaceSchemaLocation="https://maven.apache.org/surefire/maven-surefire-plugin/xsd/surefire-test-report.xsd" name="org.example.AppTest" time="0.296" tests="1" errors="0" skipped="0" failures="0">
  <properties>
    <property name="sun.desktop" value="windows"/>
    <property name="awt.toolkit" value="sun.awt.windows.WToolkit"/>
    <property name="java.specification.version" value="12"/>
    <property name="sun.cpu.isalist" value="amd64"/>
    <property name="sun.jnu.encoding" value="Cp1252"/>
    <property name="java.class.path" value="C:\Universidad\Repos\SDyPP\TP1_v2\TP1_Punto2_Servidor\target\test-classes;C:\Universidad\Repos\SDyPP\TP1_v2\TP1_Punto2_Servidor\target\classes;C:\Users\Rikudo\.m2\repository\junit\junit\4.11\junit-4.11.jar;C:\Users\Rikudo\.m2\repository\org\hamcrest\hamcrest-core\1.3\hamcrest-core-1.3.jar;C:\Users\Rikudo\.m2\repository\ch\qos\logback\logback-classic\1.2.3\logback-classic-1.2.3.jar;C:\Users\Rikudo\.m2\repository\ch\qos\logback\logback-core\1.2.3\logback-core-1.2.3.jar;C:\Users\Rikudo\.m2\repository\org\slf4j\slf4j-api\1.7.25\slf4j-api-1.7.25.jar;"/>
    <property name="java.vm.vendor" value="Oracle Corporation"/>
    <property name="sun.arch.data.model" value="64"/>
    <property name="user.variant" value=""/>
    <property name="java.vendor.url" value="https://java.oracle.com/"/>
    <property name="os.name" value="Windows 10"/>
    <property name="java.vm.specification.version" value="12"/>
    <property name="sun.java.launcher" value="SUN_STANDARD"/>
    <property name="user.country" value="AR"/>
    <property name="sun.boot.library.path" value="C:\JDK\jdk-12\bin"/>
    <property name="sun.java.command" value="C:\Users\Rikudo\AppData\Local\Temp\surefire7554945775742351799\surefirebooter9452216672080076403.jar C:\Users\Rikudo\AppData\Local\Temp\surefire7554945775742351799 2020-10-16T17-51-41_579-jvmRun1 surefire28146173459495624tmp surefire_08225638821963112255tmp"/>
    <property name="jdk.debug" value="release"/>
    <property name="surefire.test.class.path" value="C:\Universidad\Repos\SDyPP\TP1_v2\TP1_Punto2_Servidor\target\test-classes;C:\Universidad\Repos\SDyPP\TP1_v2\TP1_Punto2_Servidor\target\classes;C:\Users\Rikudo\.m2\repository\junit\junit\4.11\junit-4.11.jar;C:\Users\Rikudo\.m2\repository\org\hamcrest\hamcrest-core\1.3\hamcrest-core-1.3.jar;C:\Users\Rikudo\.m2\repository\ch\qos\logback\logback-classic\1.2.3\logback-classic-1.2.3.jar;C:\Users\Rikudo\.m2\repository\ch\qos\logback\logback-core\1.2.3\logback-core-1.2.3.jar;C:\Users\Rikudo\.m2\repository\org\slf4j\slf4j-api\1.7.25\slf4j-api-1.7.25.jar;"/>
    <property name="sun.cpu.endian" value="little"/>
    <property name="user.home" value="C:\Users\Rikudo"/>
    <property name="user.language" value="es"/>
    <property name="java.specification.vendor" value="Oracle Corporation"/>
    <property name="java.version.date" value="2019-03-19"/>
    <property name="java.home" value="C:\JDK\jdk-12"/>
    <property name="file.separator" value="\"/>
    <property name="basedir" value="C:\Universidad\Repos\SDyPP\TP1_v2\TP1_Punto2_Servidor"/>
    <property name="java.vm.compressedOopsMode" value="32-bit"/>
    <property name="line.separator" value="&#10;"/>
    <property name="java.vm.specification.vendor" value="Oracle Corporation"/>
    <property name="java.specification.name" value="Java Platform API Specification"/>
    <property name="java.awt.graphicsenv" value="sun.awt.Win32GraphicsEnvironment"/>
    <property name="surefire.real.class.path" value="C:\Users\Rikudo\AppData\Local\Temp\surefire7554945775742351799\surefirebooter9452216672080076403.jar"/>
    <property name="user.script" value=""/>
    <property name="sun.management.compiler" value="HotSpot 64-Bit Tiered Compilers"/>
    <property name="java.runtime.version" value="12+32"/>
    <property name="user.name" value="Rikudo"/>
    <property name="path.separator" value=";"/>
    <property name="os.version" value="10.0"/>
    <property name="java.runtime.name" value="OpenJDK Runtime Environment"/>
    <property name="file.encoding" value="Cp1252"/>
    <property name="java.vm.name" value="OpenJDK 64-Bit Server VM"/>
    <property name="localRepository" value="C:\Users\Rikudo\.m2\repository"/>
    <property name="java.vendor.url.bug" value="https://bugreport.java.com/bugreport/"/>
    <property name="java.io.tmpdir" value="C:\Users\Rikudo\AppData\Local\Temp\"/>
    <property name="java.version" value="12"/>
    <property name="user.dir" value="C:\Universidad\Repos\SDyPP\TP1_v2\TP1_Punto2_Servidor"/>
    <property name="os.arch" value="amd64"/>
    <property name="java.vm.specification.name" value="Java Virtual Machine Specification"/>
    <property name="sun.os.patch.level" value=""/>
    <property name="java.library.path" value="C:\JDK\jdk-12\bin;C:\Windows\Sun\Java\bin;C:\Windows\system32;C:\Windows;C:\Program Files (x86)\PHP\v7.4;C:\Windows\system32;C:\Windows;C:\Windows\System32\Wbem;C:\Windows\System32\WindowsPowerShell\v1.0\;C:\Windows\System32\OpenSSH\;C:\Program Files\Microsoft\Web Platform Installer\;C:\Users\Rikudo\AppData\Local\Microsoft\WindowsApps;C:\Users\Rikudo\AppData\Local\GitHubDesktop\bin;C:\Users\Rikudo\AppData\Local\Programs\Microsoft VS Code\bin;C:\JDK\jdk-12\bin;C:\JDK\Maven\apache-maven-3.6.3\bin;C:\Program Files\PostgreSQL\13\bin;C:\Program Files\dotnet\;C:\Program Files\Microsoft SQL Server\130\Tools\Binn\;C:\Program Files\Microsoft SQL Server\Client SDK\ODBC\170\Tools\Binn\;C:\Program Files\Docker\Docker\resources\bin;C:\ProgramData\DockerDesktop\version-bin;C:\Users\Rikudo\AppData\Local\Microsoft\WindowsApps;C:\Users\Rikudo\AppData\Local\GitHubDesktop\bin;C:\Users\Rikudo\AppData\Local\Programs\Microsoft VS Code\bin;C:\Users\Rikudo\.dotnet\tools;."/>
    <property name="java.vm.info" value="mixed mode, sharing"/>
    <property name="java.vendor" value="Oracle Corporation"/>
    <property name="java.vm.version" value="12+32"/>
    <property name="sun.io.unicode.encoding" value="UnicodeLittle"/>
    <property name="java.class.version" value="56.0"/>
  </properties>
  <testcase name="shouldAnswerWithTrue" classname="org.example.AppTest" time="0.001"/>
</testsuite>